{"/Users/mzounaro/personal/Eidolon/frontend/src/components/HeapChart.tsx": {"path":"/Users/mzounaro/personal/Eidolon/frontend/src/components/HeapChart.tsx","statementMap":{"0":{"start":{"line":13,"column":24},"end":{"line":13,"column":34}},"1":{"start":{"line":3,"column":24},"end":{"line":3,"column":null}},"2":{"start":{"line":5,"column":28},"end":{"line":5,"column":null}},"3":{"start":{"line":14,"column":39},"end":{"line":36,"column":null}},"4":{"start":{"line":15,"column":14},"end":{"line":15,"column":27}},"5":{"start":{"line":16,"column":14},"end":{"line":16,"column":19}},"6":{"start":{"line":17,"column":14},"end":{"line":17,"column":null}},"7":{"start":{"line":19,"column":23},"end":{"line":19,"column":null}},"8":{"start":{"line":19,"column":41},"end":{"line":19,"column":47}},"9":{"start":{"line":20,"column":25},"end":{"line":20,"column":null}},"10":{"start":{"line":21,"column":16},"end":{"line":21,"column":null}},"11":{"start":{"line":22,"column":17},"end":{"line":22,"column":null}},"12":{"start":{"line":24,"column":16},"end":{"line":24,"column":null}},"13":{"start":{"line":24,"column":32},"end":{"line":24,"column":null}},"14":{"start":{"line":25,"column":16},"end":{"line":25,"column":null}},"15":{"start":{"line":25,"column":31},"end":{"line":25,"column":null}},"16":{"start":{"line":27,"column":12},"end":{"line":27,"column":null}},"17":{"start":{"line":28,"column":4},"end":{"line":32,"column":null}},"18":{"start":{"line":29,"column":16},"end":{"line":29,"column":null}},"19":{"start":{"line":30,"column":16},"end":{"line":30,"column":null}},"20":{"start":{"line":31,"column":6},"end":{"line":31,"column":null}},"21":{"start":{"line":34,"column":21},"end":{"line":34,"column":null}},"22":{"start":{"line":35,"column":4},"end":{"line":35,"column":null}}},"fnMap":{"0":{"name":"HeapChart","decl":{"start":{"line":13,"column":24},"end":{"line":13,"column":34}},"loc":{"start":{"line":13,"column":79},"end":{"line":63,"column":null}}},"1":{"name":"(anonymous_2)","decl":{"start":{"line":14,"column":47},"end":{"line":14,"column":null}},"loc":{"start":{"line":14,"column":47},"end":{"line":36,"column":5}}},"2":{"name":"(anonymous_3)","decl":{"start":{"line":19,"column":34},"end":{"line":19,"column":35}},"loc":{"start":{"line":19,"column":41},"end":{"line":19,"column":47}}},"3":{"name":"(anonymous_4)","decl":{"start":{"line":24,"column":16},"end":{"line":24,"column":17}},"loc":{"start":{"line":24,"column":32},"end":{"line":24,"column":null}}},"4":{"name":"(anonymous_5)","decl":{"start":{"line":25,"column":16},"end":{"line":25,"column":17}},"loc":{"start":{"line":25,"column":31},"end":{"line":25,"column":null}}},"5":{"name":"(anonymous_6)","decl":{"start":{"line":28,"column":19},"end":{"line":28,"column":20}},"loc":{"start":{"line":28,"column":23},"end":{"line":32,"column":null}}}},"branchMap":{"0":{"loc":{"start":{"line":13,"column":58},"end":{"line":13,"column":70}},"type":"default-arg","locations":[{"start":{"line":13,"column":67},"end":{"line":13,"column":70}}]},"1":{"loc":{"start":{"line":21,"column":39},"end":{"line":21,"column":null}},"type":"binary-expr","locations":[{"start":{"line":21,"column":40},"end":{"line":21,"column":56}},{"start":{"line":21,"column":56},"end":{"line":21,"column":62}},{"start":{"line":21,"column":62},"end":{"line":21,"column":null}}]},"2":{"loc":{"start":{"line":22,"column":17},"end":{"line":22,"column":null}},"type":"cond-expr","locations":[{"start":{"line":22,"column":28},"end":{"line":22,"column":32}},{"start":{"line":22,"column":32},"end":{"line":22,"column":null}}]},"3":{"loc":{"start":{"line":24,"column":32},"end":{"line":24,"column":null}},"type":"cond-expr","locations":[{"start":{"line":24,"column":41},"end":{"line":24,"column":45}},{"start":{"line":24,"column":45},"end":{"line":24,"column":null}}]},"4":{"loc":{"start":{"line":31,"column":11},"end":{"line":31,"column":51}},"type":"cond-expr","locations":[{"start":{"line":31,"column":21},"end":{"line":31,"column":34}},{"start":{"line":31,"column":37},"end":{"line":31,"column":51}}]},"5":{"loc":{"start":{"line":34,"column":21},"end":{"line":34,"column":null}},"type":"cond-expr","locations":[{"start":{"line":34,"column":37},"end":{"line":34,"column":67}},{"start":{"line":34,"column":70},"end":{"line":34,"column":null}}]},"6":{"loc":{"start":{"line":54,"column":9},"end":{"line":54,"column":45}},"type":"binary-expr","locations":[{"start":{"line":54,"column":9},"end":{"line":54,"column":45}},{"start":{"line":54,"column":45},"end":{"line":54,"column":null}}]}},"s":{"0":2,"1":1,"2":1,"3":2,"4":2,"5":2,"6":2,"7":2,"8":4,"9":2,"10":2,"11":2,"12":2,"13":4,"14":2,"15":4,"16":2,"17":2,"18":4,"19":4,"20":4,"21":2,"22":2},"f":{"0":2,"1":2,"2":4,"3":4,"4":4,"5":4},"b":{"0":[0],"1":[2,1,1],"2":[0,2],"3":[0,4],"4":[2,2],"5":[2,0],"6":[2,1]}}
,"/Users/mzounaro/personal/Eidolon/frontend/src/components/StatCard.tsx": {"path":"/Users/mzounaro/personal/Eidolon/frontend/src/components/StatCard.tsx","statementMap":{"0":{"start":{"line":7,"column":24},"end":{"line":7,"column":33}}},"fnMap":{"0":{"name":"StatCard","decl":{"start":{"line":7,"column":24},"end":{"line":7,"column":33}},"loc":{"start":{"line":7,"column":61},"end":{"line":15,"column":null}}}},"branchMap":{"0":{"loc":{"start":{"line":12,"column":7},"end":{"line":12,"column":14}},"type":"binary-expr","locations":[{"start":{"line":12,"column":7},"end":{"line":12,"column":14}}]}},"s":{"0":3},"f":{"0":3},"b":{"0":[3]}}
,"/Users/mzounaro/personal/Eidolon/frontend/src/lib/format.ts": {"path":"/Users/mzounaro/personal/Eidolon/frontend/src/lib/format.ts","statementMap":{"0":{"start":{"line":1,"column":16},"end":{"line":1,"column":27}},"1":{"start":{"line":28,"column":16},"end":{"line":28,"column":28}},"2":{"start":{"line":13,"column":16},"end":{"line":13,"column":28}},"3":{"start":{"line":18,"column":16},"end":{"line":18,"column":29}},"4":{"start":{"line":23,"column":16},"end":{"line":23,"column":23}},"5":{"start":{"line":2,"column":2},"end":{"line":2,"column":null}},"6":{"start":{"line":2,"column":41},"end":{"line":2,"column":null}},"7":{"start":{"line":3,"column":16},"end":{"line":3,"column":null}},"8":{"start":{"line":4,"column":10},"end":{"line":4,"column":null}},"9":{"start":{"line":5,"column":10},"end":{"line":5,"column":null}},"10":{"start":{"line":6,"column":2},"end":{"line":9,"column":null}},"11":{"start":{"line":7,"column":4},"end":{"line":7,"column":null}},"12":{"start":{"line":8,"column":4},"end":{"line":8,"column":null}},"13":{"start":{"line":10,"column":2},"end":{"line":10,"column":null}},"14":{"start":{"line":14,"column":2},"end":{"line":14,"column":null}},"15":{"start":{"line":14,"column":33},"end":{"line":14,"column":null}},"16":{"start":{"line":15,"column":2},"end":{"line":15,"column":null}},"17":{"start":{"line":19,"column":2},"end":{"line":19,"column":null}},"18":{"start":{"line":19,"column":33},"end":{"line":19,"column":null}},"19":{"start":{"line":20,"column":2},"end":{"line":20,"column":null}},"20":{"start":{"line":24,"column":2},"end":{"line":24,"column":null}},"21":{"start":{"line":24,"column":33},"end":{"line":24,"column":null}},"22":{"start":{"line":25,"column":2},"end":{"line":25,"column":null}},"23":{"start":{"line":29,"column":2},"end":{"line":29,"column":null}},"24":{"start":{"line":29,"column":43},"end":{"line":29,"column":null}},"25":{"start":{"line":30,"column":2},"end":{"line":30,"column":null}},"26":{"start":{"line":30,"column":21},"end":{"line":30,"column":null}},"27":{"start":{"line":31,"column":12},"end":{"line":31,"column":null}},"28":{"start":{"line":32,"column":2},"end":{"line":32,"column":null}},"29":{"start":{"line":32,"column":14},"end":{"line":32,"column":null}},"30":{"start":{"line":33,"column":12},"end":{"line":33,"column":null}},"31":{"start":{"line":34,"column":14},"end":{"line":34,"column":null}},"32":{"start":{"line":35,"column":2},"end":{"line":35,"column":null}}},"fnMap":{"0":{"name":"formatBytes","decl":{"start":{"line":1,"column":16},"end":{"line":1,"column":27}},"loc":{"start":{"line":1,"column":80},"end":{"line":11,"column":null}}},"1":{"name":"formatNumber","decl":{"start":{"line":13,"column":16},"end":{"line":13,"column":28}},"loc":{"start":{"line":13,"column":57},"end":{"line":16,"column":null}}},"2":{"name":"formatPercent","decl":{"start":{"line":18,"column":16},"end":{"line":18,"column":29}},"loc":{"start":{"line":18,"column":78},"end":{"line":21,"column":null}}},"3":{"name":"toFixed","decl":{"start":{"line":23,"column":16},"end":{"line":23,"column":23}},"loc":{"start":{"line":23,"column":64},"end":{"line":26,"column":null}}},"4":{"name":"formatMillis","decl":{"start":{"line":28,"column":16},"end":{"line":28,"column":28}},"loc":{"start":{"line":28,"column":62},"end":{"line":36,"column":null}}}},"branchMap":{"0":{"loc":{"start":{"line":1,"column":62},"end":{"line":1,"column":80}},"type":"default-arg","locations":[{"start":{"line":1,"column":79},"end":{"line":1,"column":80}}]},"1":{"loc":{"start":{"line":2,"column":2},"end":{"line":2,"column":null}},"type":"if","locations":[{"start":{"line":2,"column":2},"end":{"line":2,"column":null}}]},"2":{"loc":{"start":{"line":2,"column":6},"end":{"line":2,"column":41}},"type":"binary-expr","locations":[{"start":{"line":2,"column":6},"end":{"line":2,"column":23}},{"start":{"line":2,"column":23},"end":{"line":2,"column":41}}]},"3":{"loc":{"start":{"line":6,"column":9},"end":{"line":6,"column":44}},"type":"binary-expr","locations":[{"start":{"line":6,"column":9},"end":{"line":6,"column":22}},{"start":{"line":6,"column":22},"end":{"line":6,"column":44}}]},"4":{"loc":{"start":{"line":14,"column":2},"end":{"line":14,"column":null}},"type":"if","locations":[{"start":{"line":14,"column":2},"end":{"line":14,"column":null}}]},"5":{"loc":{"start":{"line":14,"column":6},"end":{"line":14,"column":33}},"type":"binary-expr","locations":[{"start":{"line":14,"column":6},"end":{"line":14,"column":19}},{"start":{"line":14,"column":19},"end":{"line":14,"column":33}}]},"6":{"loc":{"start":{"line":18,"column":60},"end":{"line":18,"column":78}},"type":"default-arg","locations":[{"start":{"line":18,"column":77},"end":{"line":18,"column":78}}]},"7":{"loc":{"start":{"line":19,"column":2},"end":{"line":19,"column":null}},"type":"if","locations":[{"start":{"line":19,"column":2},"end":{"line":19,"column":null}}]},"8":{"loc":{"start":{"line":19,"column":6},"end":{"line":19,"column":33}},"type":"binary-expr","locations":[{"start":{"line":19,"column":6},"end":{"line":19,"column":19}},{"start":{"line":19,"column":19},"end":{"line":19,"column":33}}]},"9":{"loc":{"start":{"line":23,"column":54},"end":{"line":23,"column":64}},"type":"default-arg","locations":[{"start":{"line":23,"column":63},"end":{"line":23,"column":64}}]},"10":{"loc":{"start":{"line":24,"column":2},"end":{"line":24,"column":null}},"type":"if","locations":[{"start":{"line":24,"column":2},"end":{"line":24,"column":null}}]},"11":{"loc":{"start":{"line":24,"column":6},"end":{"line":24,"column":33}},"type":"binary-expr","locations":[{"start":{"line":24,"column":6},"end":{"line":24,"column":19}},{"start":{"line":24,"column":19},"end":{"line":24,"column":33}}]},"12":{"loc":{"start":{"line":29,"column":2},"end":{"line":29,"column":null}},"type":"if","locations":[{"start":{"line":29,"column":2},"end":{"line":29,"column":null}}]},"13":{"loc":{"start":{"line":29,"column":6},"end":{"line":29,"column":43}},"type":"binary-expr","locations":[{"start":{"line":29,"column":6},"end":{"line":29,"column":24}},{"start":{"line":29,"column":24},"end":{"line":29,"column":43}}]},"14":{"loc":{"start":{"line":30,"column":2},"end":{"line":30,"column":null}},"type":"if","locations":[{"start":{"line":30,"column":2},"end":{"line":30,"column":null}}]},"15":{"loc":{"start":{"line":32,"column":2},"end":{"line":32,"column":null}},"type":"if","locations":[{"start":{"line":32,"column":2},"end":{"line":32,"column":null}}]}},"s":{"0":13,"1":7,"2":7,"3":8,"4":5,"5":13,"6":4,"7":9,"8":9,"9":9,"10":9,"11":9,"12":9,"13":9,"14":7,"15":4,"16":3,"17":8,"18":3,"19":5,"20":5,"21":3,"22":2,"23":7,"24":3,"25":4,"26":1,"27":3,"28":3,"29":1,"30":2,"31":2,"32":2},"f":{"0":13,"1":7,"2":8,"3":5,"4":7},"b":{"0":[12],"1":[4],"2":[13,11],"3":[18,9],"4":[4],"5":[7,5],"6":[6],"7":[3],"8":[8,6],"9":[3],"10":[3],"11":[5,3],"12":[3],"13":[7,5],"14":[1],"15":[1]}}
}
