TN:
SF:src/components/HeapChart.tsx
FN:13,HeapChart
FN:14,(anonymous_2)
FN:19,(anonymous_3)
FN:24,(anonymous_4)
FN:25,(anonymous_5)
FN:28,(anonymous_6)
FNF:6
FNH:6
FNDA:2,HeapChart
FNDA:2,(anonymous_2)
FNDA:4,(anonymous_3)
FNDA:4,(anonymous_4)
FNDA:4,(anonymous_5)
FNDA:4,(anonymous_6)
DA:3,1
DA:5,1
DA:13,2
DA:14,2
DA:15,2
DA:16,2
DA:17,2
DA:19,4
DA:20,2
DA:21,2
DA:22,2
DA:24,4
DA:25,4
DA:27,2
DA:28,2
DA:29,4
DA:30,4
DA:31,4
DA:34,2
DA:35,2
LF:20
LH:20
BRDA:13,0,0,0
BRDA:21,1,0,2
BRDA:21,1,1,1
BRDA:21,1,2,1
BRDA:22,2,0,0
BRDA:22,2,1,2
BRDA:24,3,0,0
BRDA:24,3,1,4
BRDA:31,4,0,2
BRDA:31,4,1,2
BRDA:34,5,0,2
BRDA:34,5,1,0
BRDA:54,6,0,2
BRDA:54,6,1,1
BRF:14
BRH:10
end_of_record
TN:
SF:src/components/StatCard.tsx
FN:7,StatCard
FNF:1
FNH:1
FNDA:3,StatCard
DA:7,3
LF:1
LH:1
BRDA:12,0,0,3
BRF:1
BRH:1
end_of_record
TN:
SF:src/lib/format.ts
FN:1,formatBytes
FN:13,formatNumber
FN:18,formatPercent
FN:23,toFixed
FN:28,formatMillis
FNF:5
FNH:5
FNDA:13,formatBytes
FNDA:7,formatNumber
FNDA:8,formatPercent
FNDA:5,toFixed
FNDA:7,formatMillis
DA:1,13
DA:2,13
DA:3,9
DA:4,9
DA:5,9
DA:6,9
DA:7,9
DA:8,9
DA:10,9
DA:13,7
DA:14,7
DA:15,3
DA:18,8
DA:19,8
DA:20,5
DA:23,5
DA:24,5
DA:25,2
DA:28,7
DA:29,7
DA:30,4
DA:31,3
DA:32,3
DA:33,2
DA:34,2
DA:35,2
LF:26
LH:26
BRDA:1,0,0,12
BRDA:2,1,0,4
BRDA:2,2,0,13
BRDA:2,2,1,11
BRDA:6,3,0,18
BRDA:6,3,1,9
BRDA:14,4,0,4
BRDA:14,5,0,7
BRDA:14,5,1,5
BRDA:18,6,0,6
BRDA:19,7,0,3
BRDA:19,8,0,8
BRDA:19,8,1,6
BRDA:23,9,0,3
BRDA:24,10,0,3
BRDA:24,11,0,5
BRDA:24,11,1,3
BRDA:29,12,0,3
BRDA:29,13,0,7
BRDA:29,13,1,5
BRDA:30,14,0,1
BRDA:32,15,0,1
BRF:22
BRH:22
end_of_record
